<?xml version="1.0" encoding="UTF-8"?>
<!-- Generated by org.testng.reporters.JUnitXMLReporter -->
<testsuite ignored="0" hostname="Druschyts" failures="1" tests="30" name="login test" time="244.76" errors="0" timestamp="2020-01-21T16:26:06 MSK">
  <testcase classname="by.stormnet.web.LoginOnlinerTest" name="loginTest" time="3.487"/>
  <testcase classname="by.stormnet.web.OnlinerNewsTest" name="openNews" time="6.417"/>
  <testcase classname="by.stormnet.web.OnlinerCheckCartTest" name="checkCartTest" time="2.514"/>
  <testcase classname="by.stormnet.web.OnlinerCatalogTest" name="searchAndFilter" time="32.185"/>
  <testcase classname="by.stormnet.web.OnlinerWeatherTest" name="checkWeatherTest" time="0.072">
    <failure type="org.openqa.selenium.NoSuchElementException" message="no such element: Unable to locate element: {&amp;quot;method&amp;quot;:&amp;quot;xpath&amp;quot;,&amp;quot;selector&amp;quot;:&amp;quot;//i[@class=&amp;apos;phenomena-icon extra-small A10&amp;apos;]&amp;quot;}
  (Session info: chrome=79.0.3945.117)
For documentation on this error, please visit: https://www.seleniumhq.org/exceptions/no_such_element.html
Build info: version: &amp;apos;3.141.59&amp;apos;, revision: &amp;apos;e82be7d358&amp;apos;, time: &amp;apos;2018-11-14T08:17:03&amp;apos;
System info: host: &amp;apos;DRUSCHYTS&amp;apos;, ip: &amp;apos;192.168.56.1&amp;apos;, os.name: &amp;apos;Windows 10&amp;apos;, os.arch: &amp;apos;amd64&amp;apos;, os.version: &amp;apos;10.0&amp;apos;, java.version: &amp;apos;12.0.1&amp;apos;
Driver info: org.openqa.selenium.chrome.ChromeDriver
Capabilities {acceptInsecureCerts: false, browserName: chrome, browserVersion: 79.0.3945.117, chrome: {chromedriverVersion: 78.0.3904.105 (60e2d8774a81..., userDataDir: C:\Users\SERVAN~1\AppData\L...}, goog:chromeOptions: {debuggerAddress: localhost:52624}, javascriptEnabled: true, networkConnectionEnabled: false, pageLoadStrategy: normal, platform: XP, platformName: XP, proxy: Proxy(), setWindowRect: true, strictFileInteractability: false, timeouts: {implicit: 0, pageLoad: 300000, script: 30000}, unhandledPromptBehavior: dismiss and notify}
Session ID: 56246c3df8261e5b20152fc891897b1c
*** Element info: {Using=xpath, value=//i[@class=&amp;apos;phenomena-icon extra-small A10&amp;apos;]}">
      <![CDATA[org.openqa.selenium.NoSuchElementException: no such element: Unable to locate element: {"method":"xpath","selector":"//i[@class='phenomena-icon extra-small A10']"}
  (Session info: chrome=79.0.3945.117)
For documentation on this error, please visit: https://www.seleniumhq.org/exceptions/no_such_element.html
Build info: version: '3.141.59', revision: 'e82be7d358', time: '2018-11-14T08:17:03'
System info: host: 'DRUSCHYTS', ip: '192.168.56.1', os.name: 'Windows 10', os.arch: 'amd64', os.version: '10.0', java.version: '12.0.1'
Driver info: org.openqa.selenium.chrome.ChromeDriver
Capabilities {acceptInsecureCerts: false, browserName: chrome, browserVersion: 79.0.3945.117, chrome: {chromedriverVersion: 78.0.3904.105 (60e2d8774a81..., userDataDir: C:\Users\SERVAN~1\AppData\L...}, goog:chromeOptions: {debuggerAddress: localhost:52624}, javascriptEnabled: true, networkConnectionEnabled: false, pageLoadStrategy: normal, platform: XP, platformName: XP, proxy: Proxy(), setWindowRect: true, strictFileInteractability: false, timeouts: {implicit: 0, pageLoad: 300000, script: 30000}, unhandledPromptBehavior: dismiss and notify}
Session ID: 56246c3df8261e5b20152fc891897b1c
*** Element info: {Using=xpath, value=//i[@class='phenomena-icon extra-small A10']}
at java.base/jdk.internal.reflect.NativeConstructorAccessorImpl.newInstance0(Native Method)
at java.base/jdk.internal.reflect.NativeConstructorAccessorImpl.newInstance(NativeConstructorAccessorImpl.java:62)
at java.base/jdk.internal.reflect.DelegatingConstructorAccessorImpl.newInstance(DelegatingConstructorAccessorImpl.java:45)
at java.base/java.lang.reflect.Constructor.newInstanceWithCaller(Constructor.java:500)
at java.base/java.lang.reflect.Constructor.newInstance(Constructor.java:481)
at org.openqa.selenium.remote.http.W3CHttpResponseCodec.createException(W3CHttpResponseCodec.java:187)
at org.openqa.selenium.remote.http.W3CHttpResponseCodec.decode(W3CHttpResponseCodec.java:122)
at org.openqa.selenium.remote.http.W3CHttpResponseCodec.decode(W3CHttpResponseCodec.java:49)
at org.openqa.selenium.remote.HttpCommandExecutor.execute(HttpCommandExecutor.java:158)
at org.openqa.selenium.remote.service.DriverCommandExecutor.execute(DriverCommandExecutor.java:83)
at org.openqa.selenium.remote.RemoteWebDriver.execute(RemoteWebDriver.java:552)
at org.openqa.selenium.remote.RemoteWebDriver.findElement(RemoteWebDriver.java:323)
at org.openqa.selenium.remote.RemoteWebDriver.findElementByXPath(RemoteWebDriver.java:428)
at org.openqa.selenium.By$ByXPath.findElement(By.java:353)
at org.openqa.selenium.remote.RemoteWebDriver.findElement(RemoteWebDriver.java:315)
at by.stormnet.web.pages.AbstractPage.getElement(AbstractPage.java:55)
at by.stormnet.web.pages.OnlinerWeatherPage.clickWeatherButton(OnlinerWeatherPage.java:18)
at by.stormnet.web.helpers.OnlinerWeatherHelper.clickWeather(OnlinerWeatherHelper.java:15)
at by.stormnet.web.OnlinerWeatherTest.checkWeatherTest(OnlinerWeatherTest.java:19)
at java.base/jdk.internal.reflect.NativeMethodAccessorImpl.invoke0(Native Method)
at java.base/jdk.internal.reflect.NativeMethodAccessorImpl.invoke(NativeMethodAccessorImpl.java:62)
at java.base/jdk.internal.reflect.DelegatingMethodAccessorImpl.invoke(DelegatingMethodAccessorImpl.java:43)
at java.base/java.lang.reflect.Method.invoke(Method.java:567)
at org.testng.internal.MethodInvocationHelper.invokeMethod(MethodInvocationHelper.java:133)
at org.testng.internal.TestInvoker.invokeMethod(TestInvoker.java:584)
at org.testng.internal.TestInvoker.invokeTestMethod(TestInvoker.java:172)
at org.testng.internal.MethodRunner.runInSequence(MethodRunner.java:46)
at org.testng.internal.TestInvoker$MethodInvocationAgent.invoke(TestInvoker.java:804)
at org.testng.internal.TestInvoker.invokeTestMethods(TestInvoker.java:145)
at org.testng.internal.TestMethodWorker.invokeTestMethods(TestMethodWorker.java:146)
at org.testng.internal.TestMethodWorker.run(TestMethodWorker.java:128)
at java.base/java.util.ArrayList.forEach(ArrayList.java:1540)
at org.testng.TestRunner.privateRun(TestRunner.java:770)
at org.testng.TestRunner.run(TestRunner.java:591)
at org.testng.SuiteRunner.runTest(SuiteRunner.java:402)
at org.testng.SuiteRunner.runSequentially(SuiteRunner.java:396)
at org.testng.SuiteRunner.privateRun(SuiteRunner.java:355)
at org.testng.SuiteRunner.run(SuiteRunner.java:304)
at org.testng.SuiteRunnerWorker.runSuite(SuiteRunnerWorker.java:53)
at org.testng.SuiteRunnerWorker.run(SuiteRunnerWorker.java:96)
at org.testng.TestNG.runSuitesSequentially(TestNG.java:1180)
at org.testng.TestNG.runSuitesLocally(TestNG.java:1102)
at org.testng.TestNG.runSuites(TestNG.java:1032)
at org.testng.TestNG.run(TestNG.java:1000)
at org.apache.maven.surefire.testng.TestNGExecutor.run(TestNGExecutor.java:283)
at org.apache.maven.surefire.testng.TestNGXmlTestSuite.execute(TestNGXmlTestSuite.java:75)
at org.apache.maven.surefire.testng.TestNGProvider.invoke(TestNGProvider.java:120)
at org.apache.maven.surefire.booter.ForkedBooter.runSuitesInProcess(ForkedBooter.java:377)
at org.apache.maven.surefire.booter.ForkedBooter.execute(ForkedBooter.java:138)
at org.apache.maven.surefire.booter.ForkedBooter.run(ForkedBooter.java:465)
at org.apache.maven.surefire.booter.ForkedBooter.main(ForkedBooter.java:451)
]]>
    </failure>
  </testcase> <!-- checkWeatherTest -->
  <testcase classname="by.stormnet.web.OnlinerCoursesTest" name="checkCourseTest" time="4.223"/>
  <testcase classname="by.stormnet.web.OnlinerMobilePhoneTest" name="checkMobilePhoneTest" time="5.566"/>
  <testcase classname="by.stormnet.web.OnlinerLoptopTest" name="checkLoptopTest" time="3.408"/>
  <testcase classname="by.stormnet.web.OnlinerTiresTest" name="checkTiresTest" time="4.151"/>
  <testcase classname="by.stormnet.web.OnlinerPhoensTest" name="checkPhonesTest" time="4.984"/>
  <testcase classname="by.stormnet.web.OnlinerClockTest" name="checkClockest" time="4.322"/>
  <testcase classname="by.stormnet.web.OnlinerTvTest" name="checkTvTest" time="4.306"/>
  <testcase classname="by.stormnet.web.OnlinerVideoCardsTest" name="checkVideoCardsTest" time="3.679"/>
  <testcase classname="by.stormnet.web.OnlinerTabletsTest" name="checkTabletsTest" time="4.356"/>
  <testcase classname="by.stormnet.web.OnlinerCamerasTest" name="checkCamerasTest" time="4.274"/>
  <testcase classname="by.stormnet.web.OnlinerBarMobileTest" name="checkBarMobileTest" time="7.036"/>
  <testcase classname="by.stormnet.web.OnlinerBarLopTopTest" name="checkBarLopTopTest" time="5.838"/>
  <testcase classname="by.stormnet.web.OnlinerBarSaleRoomTest" name="checkBarSaleRoomTest" time="8.579"/>
  <testcase classname="by.stormnet.web.OnlinerBarGiftsTest" name="checkBarGiftsTest" time="7.177"/>
  <testcase classname="by.stormnet.web.OnlinerBarRentRoomTest" name="checkBarRentRoomTest" time="5.763"/>
  <testcase classname="by.stormnet.web.OnlinerBarTreesTest" name="checkBarTreesTest" time="6.432"/>
  <testcase classname="by.stormnet.web.OnlinerBarNewYearTest" name="checkBarNewYearTest" time="5.728"/>
  <testcase classname="by.stormnet.web.OnlinerBarClothesTest" name="checkBarClothesTest" time="5.283"/>
  <testcase classname="by.stormnet.web.OnlinerBarMobileAccTest" name="checkBarMobileAccTest" time="6.764"/>
  <testcase classname="by.stormnet.web.OnlinerBarMobileServicesTest" name="checkBarMobileServicesTest" time="5.699"/>
  <testcase classname="by.stormnet.web.OnlinerBarRadioTest" name="checkBarRadioTest" time="5.377"/>
  <testcase classname="by.stormnet.web.OnlinerBarAppleTest" name="checkBarAppleTest" time="5.989"/>
  <testcase classname="by.stormnet.web.OnlinerBarUsbTest" name="checkDarUsbTest" time="5.686"/>
  <testcase classname="by.stormnet.web.OnlinerBarVideoTest" name="checkBarVideoTest" time="5.411"/>
  <testcase classname="by.stormnet.web.OnlinerBarDdrTest" name="checkBarDdrTest" time="5.572"/>
</testsuite> <!-- login test -->
