<html>
<head>
<title>TestNG:  login test</title>
<link href="../testng.css" rel="stylesheet" type="text/css" />
<link href="../my-testng.css" rel="stylesheet" type="text/css" />

<style type="text/css">
.log { display: none;} 
.stack-trace { display: none;} 
</style>
<script type="text/javascript">
<!--
function flip(e) {
  current = e.style.display;
  if (current == 'block') {
    e.style.display = 'none';
    return 0;
  }
  else {
    e.style.display = 'block';
    return 1;
  }
}

function toggleBox(szDivId, elem, msg1, msg2)
{
  var res = -1;  if (document.getElementById) {
    res = flip(document.getElementById(szDivId));
  }
  else if (document.all) {
    // this is the way old msie versions work
    res = flip(document.all[szDivId]);
  }
  if(elem) {
    if(res == 0) elem.innerHTML = msg1; else elem.innerHTML = msg2;
  }

}

function toggleAllBoxes() {
  if (document.getElementsByTagName) {
    d = document.getElementsByTagName('div');
    for (i = 0; i < d.length; i++) {
      if (d[i].className == 'log') {
        flip(d[i]);
      }
    }
  }
}

// -->
</script>

</head>
<body>
<h2 align='center'>login test</h2><table border='1' align="center">
<tr>
<td>Tests passed/Failed/Skipped:</td><td>29/1/0</td>
</tr><tr>
<td>Started on:</td><td>Tue Jan 21 16:22:01 MSK 2020</td>
</tr>
<tr><td>Total time:</td><td>244 seconds (244760 ms)</td>
</tr><tr>
<td>Included groups:</td><td></td>
</tr><tr>
<td>Excluded groups:</td><td></td>
</tr>
</table><p/>
<small><i>(Hover the method name to see the test class name)</i></small><p/>
<table width='100%' border='1' class='invocation-failed'>
<tr><td colspan='4' align='center'><b>FAILED TESTS</b></td></tr>
<tr><td><b>Test method</b></td>
<td width="30%"><b>Exception</b></td>
<td width="10%"><b>Time (seconds)</b></td>
<td><b>Instance</b></td>
</tr>
<tr>
<td title='by.stormnet.web.OnlinerWeatherTest.checkWeatherTest()'><b>checkWeatherTest</b><br>Test class: by.stormnet.web.OnlinerWeatherTest</td>
<td><div><pre>org.openqa.selenium.NoSuchElementException: no such element: Unable to locate element: {&quot;method&quot;:&quot;xpath&quot;,&quot;selector&quot;:&quot;//i[@class=&apos;phenomena-icon extra-small A10&apos;]&quot;}
  (Session info: chrome=79.0.3945.117)
For documentation on this error, please visit: https://www.seleniumhq.org/exceptions/no_such_element.html
Build info: version: &apos;3.141.59&apos;, revision: &apos;e82be7d358&apos;, time: &apos;2018-11-14T08:17:03&apos;
System info: host: &apos;DRUSCHYTS&apos;, ip: &apos;192.168.56.1&apos;, os.name: &apos;Windows 10&apos;, os.arch: &apos;amd64&apos;, os.version: &apos;10.0&apos;, java.version: &apos;12.0.1&apos;
Driver info: org.openqa.selenium.chrome.ChromeDriver
Capabilities {acceptInsecureCerts: false, browserName: chrome, browserVersion: 79.0.3945.117, chrome: {chromedriverVersion: 78.0.3904.105 (60e2d8774a81..., userDataDir: C:\Users\SERVAN~1\AppData\L...}, goog:chromeOptions: {debuggerAddress: localhost:52624}, javascriptEnabled: true, networkConnectionEnabled: false, pageLoadStrategy: normal, platform: XP, platformName: XP, proxy: Proxy(), setWindowRect: true, strictFileInteractability: false, timeouts: {implicit: 0, pageLoad: 300000, script: 30000}, unhandledPromptBehavior: dismiss and notify}
Session ID: 56246c3df8261e5b20152fc891897b1c
*** Element info: {Using=xpath, value=//i[@class=&apos;phenomena-icon extra-small A10&apos;]}
	at java.base/jdk.internal.reflect.NativeConstructorAccessorImpl.newInstance0(Native Method)
	at java.base/jdk.internal.reflect.NativeConstructorAccessorImpl.newInstance(NativeConstructorAccessorImpl.java:62)
	at java.base/jdk.internal.reflect.DelegatingConstructorAccessorImpl.newInstance(DelegatingConstructorAccessorImpl.java:45)
	at java.base/java.lang.reflect.Constructor.newInstanceWithCaller(Constructor.java:500)
	at java.base/java.lang.reflect.Constructor.newInstance(Constructor.java:481)
	at org.openqa.selenium.remote.http.W3CHttpResponseCodec.createException(W3CHttpResponseCodec.java:187)
	at org.openqa.selenium.remote.http.W3CHttpResponseCodec.decode(W3CHttpResponseCodec.java:122)
	at org.openqa.selenium.remote.http.W3CHttpResponseCodec.decode(W3CHttpResponseCodec.java:49)
	at org.openqa.selenium.remote.HttpCommandExecutor.execute(HttpCommandExecutor.java:158)
	at org.openqa.selenium.remote.service.DriverCommandExecutor.execute(DriverCommandExecutor.java:83)
	at org.openqa.selenium.remote.RemoteWebDriver.execute(RemoteWebDriver.java:552)
	at org.openqa.selenium.remote.RemoteWebDriver.findElement(RemoteWebDriver.java:323)
	at org.openqa.selenium.remote.RemoteWebDriver.findElementByXPath(RemoteWebDriver.java:428)
	at org.openqa.selenium.By$ByXPath.findElement(By.java:353)
	at org.openqa.selenium.remote.RemoteWebDriver.findElement(RemoteWebDriver.java:315)
	at by.stormnet.web.pages.AbstractPage.getElement(AbstractPage.java:55)
	at by.stormnet.web.pages.OnlinerWeatherPage.clickWeatherButton(OnlinerWeatherPage.java:18)
	at by.stormnet.web.helpers.OnlinerWeatherHelper.clickWeather(OnlinerWeatherHelper.java:15)
	at by.stormnet.web.OnlinerWeatherTest.checkWeatherTest(OnlinerWeatherTest.java:19)
	at java.base/jdk.internal.reflect.NativeMethodAccessorImpl.invoke0(Native Method)
	at java.base/jdk.internal.reflect.NativeMethodAccessorImpl.invoke(NativeMethodAccessorImpl.java:62)
	at java.base/jdk.internal.reflect.DelegatingMethodAccessorImpl.invoke(DelegatingMethodAccessorImpl.java:43)
	at java.base/java.lang.reflect.Method.invoke(Method.java:567)
	at org.testng.internal.MethodInvocationHelper.invokeMethod(MethodInvocationHelper.java:133)
	at org.testng.internal.TestInvoker.invokeMethod(TestInvoker.java:584)
	at org.testng.internal.TestInvoker.invokeTestMethod(TestInvoker.java:172)
	at org.testng.internal.MethodRunner.runInSequence(MethodRunner.java:46)
	at org.testng.internal.TestInvoker$MethodInvocationAgent.invoke(TestInvoker.java:804)
	at org.testng.internal.TestInvoker.invokeTestMethods(TestInvoker.java:145)
	at org.testng.internal.TestMethodWorker.invokeTestMethods(TestMethodWorker.java:146)
	at org.testng.internal.TestMethodWorker.run(TestMethodWorker.java:128)
	at java.base/java.util.ArrayList.forEach(ArrayList.java:1540)
	at org.testng.TestRunner.privateRun(TestRunner.java:770)
	at org.testng.TestRunner.run(TestRunner.java:591)
	at org.testng.SuiteRunner.runTest(SuiteRunner.java:402)
	at org.testng.SuiteRunner.runSequentially(SuiteRunner.java:396)
	at org.testng.SuiteRunner.privateRun(SuiteRunner.java:355)
	at org.testng.SuiteRunner.run(SuiteRunner.java:304)
	at org.testng.SuiteRunnerWorker.runSuite(SuiteRunnerWorker.java:53)
	at org.testng.SuiteRunnerWorker.run(SuiteRunnerWorker.java:96)
	at org.testng.TestNG.runSuitesSequentially(TestNG.java:1180)
	at org.testng.TestNG.runSuitesLocally(TestNG.java:1102)
	at org.testng.TestNG.runSuites(TestNG.java:1032)
	at org.testng.TestNG.run(TestNG.java:1000)
	at org.apache.maven.surefire.testng.TestNGExecutor.run(TestNGExecutor.java:283)
	at org.apache.maven.surefire.testng.TestNGXmlTestSuite.execute(TestNGXmlTestSuite.java:75)
	at org.apache.maven.surefire.testng.TestNGProvider.invoke(TestNGProvider.java:120)
	at org.apache.maven.surefire.booter.ForkedBooter.runSuitesInProcess(ForkedBooter.java:377)
	at org.apache.maven.surefire.booter.ForkedBooter.execute(ForkedBooter.java:138)
	at org.apache.maven.surefire.booter.ForkedBooter.run(ForkedBooter.java:465)
	at org.apache.maven.surefire.booter.ForkedBooter.main(ForkedBooter.java:451)
</pre></div><a href='#' onClick='toggleBox("stack-trace158460163", this, "Click to show all stack frames", "Click to hide stack frames")'>Click to show all stack frames</a>
<div class='stack-trace' id='stack-trace158460163'><pre>org.openqa.selenium.NoSuchElementException: no such element: Unable to locate element: {&quot;method&quot;:&quot;xpath&quot;,&quot;selector&quot;:&quot;//i[@class=&apos;phenomena-icon extra-small A10&apos;]&quot;}
  (Session info: chrome=79.0.3945.117)
For documentation on this error, please visit: https://www.seleniumhq.org/exceptions/no_such_element.html
Build info: version: &apos;3.141.59&apos;, revision: &apos;e82be7d358&apos;, time: &apos;2018-11-14T08:17:03&apos;
System info: host: &apos;DRUSCHYTS&apos;, ip: &apos;192.168.56.1&apos;, os.name: &apos;Windows 10&apos;, os.arch: &apos;amd64&apos;, os.version: &apos;10.0&apos;, java.version: &apos;12.0.1&apos;
Driver info: org.openqa.selenium.chrome.ChromeDriver
Capabilities {acceptInsecureCerts: false, browserName: chrome, browserVersion: 79.0.3945.117, chrome: {chromedriverVersion: 78.0.3904.105 (60e2d8774a81..., userDataDir: C:\Users\SERVAN~1\AppData\L...}, goog:chromeOptions: {debuggerAddress: localhost:52624}, javascriptEnabled: true, networkConnectionEnabled: false, pageLoadStrategy: normal, platform: XP, platformName: XP, proxy: Proxy(), setWindowRect: true, strictFileInteractability: false, timeouts: {implicit: 0, pageLoad: 300000, script: 30000}, unhandledPromptBehavior: dismiss and notify}
Session ID: 56246c3df8261e5b20152fc891897b1c
*** Element info: {Using=xpath, value=//i[@class=&apos;phenomena-icon extra-small A10&apos;]}
	at java.base/jdk.internal.reflect.NativeConstructorAccessorImpl.newInstance0(Native Method)
	at java.base/jdk.internal.reflect.NativeConstructorAccessorImpl.newInstance(NativeConstructorAccessorImpl.java:62)
	at java.base/jdk.internal.reflect.DelegatingConstructorAccessorImpl.newInstance(DelegatingConstructorAccessorImpl.java:45)
	at java.base/java.lang.reflect.Constructor.newInstanceWithCaller(Constructor.java:500)
	at java.base/java.lang.reflect.Constructor.newInstance(Constructor.java:481)
	at org.openqa.selenium.remote.http.W3CHttpResponseCodec.createException(W3CHttpResponseCodec.java:187)
	at org.openqa.selenium.remote.http.W3CHttpResponseCodec.decode(W3CHttpResponseCodec.java:122)
	at org.openqa.selenium.remote.http.W3CHttpResponseCodec.decode(W3CHttpResponseCodec.java:49)
	at org.openqa.selenium.remote.HttpCommandExecutor.execute(HttpCommandExecutor.java:158)
	at org.openqa.selenium.remote.service.DriverCommandExecutor.execute(DriverCommandExecutor.java:83)
	at org.openqa.selenium.remote.RemoteWebDriver.execute(RemoteWebDriver.java:552)
	at org.openqa.selenium.remote.RemoteWebDriver.findElement(RemoteWebDriver.java:323)
	at org.openqa.selenium.remote.RemoteWebDriver.findElementByXPath(RemoteWebDriver.java:428)
	at org.openqa.selenium.By$ByXPath.findElement(By.java:353)
	at org.openqa.selenium.remote.RemoteWebDriver.findElement(RemoteWebDriver.java:315)
	at by.stormnet.web.pages.AbstractPage.getElement(AbstractPage.java:55)
	at by.stormnet.web.pages.OnlinerWeatherPage.clickWeatherButton(OnlinerWeatherPage.java:18)
	at by.stormnet.web.helpers.OnlinerWeatherHelper.clickWeather(OnlinerWeatherHelper.java:15)
	at by.stormnet.web.OnlinerWeatherTest.checkWeatherTest(OnlinerWeatherTest.java:19)
	at java.base/jdk.internal.reflect.NativeMethodAccessorImpl.invoke0(Native Method)
	at java.base/jdk.internal.reflect.NativeMethodAccessorImpl.invoke(NativeMethodAccessorImpl.java:62)
	at java.base/jdk.internal.reflect.DelegatingMethodAccessorImpl.invoke(DelegatingMethodAccessorImpl.java:43)
	at java.base/java.lang.reflect.Method.invoke(Method.java:567)
	at org.testng.internal.MethodInvocationHelper.invokeMethod(MethodInvocationHelper.java:133)
	at org.testng.internal.TestInvoker.invokeMethod(TestInvoker.java:584)
	at org.testng.internal.TestInvoker.invokeTestMethod(TestInvoker.java:172)
	at org.testng.internal.MethodRunner.runInSequence(MethodRunner.java:46)
	at org.testng.internal.TestInvoker$MethodInvocationAgent.invoke(TestInvoker.java:804)
	at org.testng.internal.TestInvoker.invokeTestMethods(TestInvoker.java:145)
	at org.testng.internal.TestMethodWorker.invokeTestMethods(TestMethodWorker.java:146)
	at org.testng.internal.TestMethodWorker.run(TestMethodWorker.java:128)
	at java.base/java.util.ArrayList.forEach(ArrayList.java:1540)
	at org.testng.TestRunner.privateRun(TestRunner.java:770)
	at org.testng.TestRunner.run(TestRunner.java:591)
	at org.testng.SuiteRunner.runTest(SuiteRunner.java:402)
	at org.testng.SuiteRunner.runSequentially(SuiteRunner.java:396)
	at org.testng.SuiteRunner.privateRun(SuiteRunner.java:355)
	at org.testng.SuiteRunner.run(SuiteRunner.java:304)
	at org.testng.SuiteRunnerWorker.runSuite(SuiteRunnerWorker.java:53)
	at org.testng.SuiteRunnerWorker.run(SuiteRunnerWorker.java:96)
	at org.testng.TestNG.runSuitesSequentially(TestNG.java:1180)
	at org.testng.TestNG.runSuitesLocally(TestNG.java:1102)
	at org.testng.TestNG.runSuites(TestNG.java:1032)
	at org.testng.TestNG.run(TestNG.java:1000)
	at org.apache.maven.surefire.testng.TestNGExecutor.run(TestNGExecutor.java:283)
	at org.apache.maven.surefire.testng.TestNGXmlTestSuite.execute(TestNGXmlTestSuite.java:75)
	at org.apache.maven.surefire.testng.TestNGProvider.invoke(TestNGProvider.java:120)
	at org.apache.maven.surefire.booter.ForkedBooter.runSuitesInProcess(ForkedBooter.java:377)
	at org.apache.maven.surefire.booter.ForkedBooter.execute(ForkedBooter.java:138)
	at org.apache.maven.surefire.booter.ForkedBooter.run(ForkedBooter.java:465)
	at org.apache.maven.surefire.booter.ForkedBooter.main(ForkedBooter.java:451)
</pre></div></td>
<td>0</td>
<td>by.stormnet.web.OnlinerWeatherTest@4f2613d1</td></tr>
</table><p>
<table width='100%' border='1' class='invocation-passed'>
<tr><td colspan='4' align='center'><b>PASSED TESTS</b></td></tr>
<tr><td><b>Test method</b></td>
<td width="30%"><b>Exception</b></td>
<td width="10%"><b>Time (seconds)</b></td>
<td><b>Instance</b></td>
</tr>
<tr>
<td title='by.stormnet.web.OnlinerBarAppleTest.checkBarAppleTest()'><b>checkBarAppleTest</b><br>Test class: by.stormnet.web.OnlinerBarAppleTest</td>
<td></td>
<td>5</td>
<td>by.stormnet.web.OnlinerBarAppleTest@6c8bca63</td></tr>
<tr>
<td title='by.stormnet.web.OnlinerBarClothesTest.checkBarClothesTest()'><b>checkBarClothesTest</b><br>Test class: by.stormnet.web.OnlinerBarClothesTest</td>
<td></td>
<td>5</td>
<td>by.stormnet.web.OnlinerBarClothesTest@71984c3</td></tr>
<tr>
<td title='by.stormnet.web.OnlinerBarDdrTest.checkBarDdrTest()'><b>checkBarDdrTest</b><br>Test class: by.stormnet.web.OnlinerBarDdrTest</td>
<td></td>
<td>5</td>
<td>by.stormnet.web.OnlinerBarDdrTest@1bc715b8</td></tr>
<tr>
<td title='by.stormnet.web.OnlinerBarGiftsTest.checkBarGiftsTest()'><b>checkBarGiftsTest</b><br>Test class: by.stormnet.web.OnlinerBarGiftsTest</td>
<td></td>
<td>7</td>
<td>by.stormnet.web.OnlinerBarGiftsTest@6f603e89</td></tr>
<tr>
<td title='by.stormnet.web.OnlinerBarLopTopTest.checkBarLopTopTest()'><b>checkBarLopTopTest</b><br>Test class: by.stormnet.web.OnlinerBarLopTopTest</td>
<td></td>
<td>5</td>
<td>by.stormnet.web.OnlinerBarLopTopTest@665e9289</td></tr>
<tr>
<td title='by.stormnet.web.OnlinerBarMobileAccTest.checkBarMobileAccTest()'><b>checkBarMobileAccTest</b><br>Test class: by.stormnet.web.OnlinerBarMobileAccTest</td>
<td></td>
<td>6</td>
<td>by.stormnet.web.OnlinerBarMobileAccTest@165b2f7f</td></tr>
<tr>
<td title='by.stormnet.web.OnlinerBarMobileServicesTest.checkBarMobileServicesTest()'><b>checkBarMobileServicesTest</b><br>Test class: by.stormnet.web.OnlinerBarMobileServicesTest</td>
<td></td>
<td>5</td>
<td>by.stormnet.web.OnlinerBarMobileServicesTest@5536379e</td></tr>
<tr>
<td title='by.stormnet.web.OnlinerBarMobileTest.checkBarMobileTest()'><b>checkBarMobileTest</b><br>Test class: by.stormnet.web.OnlinerBarMobileTest</td>
<td></td>
<td>7</td>
<td>by.stormnet.web.OnlinerBarMobileTest@6b54655f</td></tr>
<tr>
<td title='by.stormnet.web.OnlinerBarNewYearTest.checkBarNewYearTest()'><b>checkBarNewYearTest</b><br>Test class: by.stormnet.web.OnlinerBarNewYearTest</td>
<td></td>
<td>5</td>
<td>by.stormnet.web.OnlinerBarNewYearTest@69637b10</td></tr>
<tr>
<td title='by.stormnet.web.OnlinerBarRadioTest.checkBarRadioTest()'><b>checkBarRadioTest</b><br>Test class: by.stormnet.web.OnlinerBarRadioTest</td>
<td></td>
<td>5</td>
<td>by.stormnet.web.OnlinerBarRadioTest@277f7dd3</td></tr>
<tr>
<td title='by.stormnet.web.OnlinerBarRentRoomTest.checkBarRentRoomTest()'><b>checkBarRentRoomTest</b><br>Test class: by.stormnet.web.OnlinerBarRentRoomTest</td>
<td></td>
<td>5</td>
<td>by.stormnet.web.OnlinerBarRentRoomTest@2756c0a7</td></tr>
<tr>
<td title='by.stormnet.web.OnlinerBarSaleRoomTest.checkBarSaleRoomTest()'><b>checkBarSaleRoomTest</b><br>Test class: by.stormnet.web.OnlinerBarSaleRoomTest</td>
<td></td>
<td>8</td>
<td>by.stormnet.web.OnlinerBarSaleRoomTest@7d3430a7</td></tr>
<tr>
<td title='by.stormnet.web.OnlinerBarTreesTest.checkBarTreesTest()'><b>checkBarTreesTest</b><br>Test class: by.stormnet.web.OnlinerBarTreesTest</td>
<td></td>
<td>6</td>
<td>by.stormnet.web.OnlinerBarTreesTest@350ec41e</td></tr>
<tr>
<td title='by.stormnet.web.OnlinerBarVideoTest.checkBarVideoTest()'><b>checkBarVideoTest</b><br>Test class: by.stormnet.web.OnlinerBarVideoTest</td>
<td></td>
<td>5</td>
<td>by.stormnet.web.OnlinerBarVideoTest@470a696f</td></tr>
<tr>
<td title='by.stormnet.web.OnlinerCamerasTest.checkCamerasTest()'><b>checkCamerasTest</b><br>Test class: by.stormnet.web.OnlinerCamerasTest</td>
<td></td>
<td>4</td>
<td>by.stormnet.web.OnlinerCamerasTest@773cbf4f</td></tr>
<tr>
<td title='by.stormnet.web.OnlinerCheckCartTest.checkCartTest()'><b>checkCartTest</b><br>Test class: by.stormnet.web.OnlinerCheckCartTest</td>
<td></td>
<td>2</td>
<td>by.stormnet.web.OnlinerCheckCartTest@2e54db99</td></tr>
<tr>
<td title='by.stormnet.web.OnlinerClockTest.checkClockest()'><b>checkClockest</b><br>Test class: by.stormnet.web.OnlinerClockTest</td>
<td></td>
<td>4</td>
<td>by.stormnet.web.OnlinerClockTest@4c51bb7</td></tr>
<tr>
<td title='by.stormnet.web.OnlinerCoursesTest.checkCourseTest()'><b>checkCourseTest</b><br>Test class: by.stormnet.web.OnlinerCoursesTest</td>
<td></td>
<td>4</td>
<td>by.stormnet.web.OnlinerCoursesTest@6d24ffa1</td></tr>
<tr>
<td title='by.stormnet.web.OnlinerBarUsbTest.checkDarUsbTest()'><b>checkDarUsbTest</b><br>Test class: by.stormnet.web.OnlinerBarUsbTest</td>
<td></td>
<td>5</td>
<td>by.stormnet.web.OnlinerBarUsbTest@2364305a</td></tr>
<tr>
<td title='by.stormnet.web.OnlinerLoptopTest.checkLoptopTest()'><b>checkLoptopTest</b><br>Test class: by.stormnet.web.OnlinerLoptopTest</td>
<td></td>
<td>3</td>
<td>by.stormnet.web.OnlinerLoptopTest@773f7880</td></tr>
<tr>
<td title='by.stormnet.web.OnlinerMobilePhoneTest.checkMobilePhoneTest()'><b>checkMobilePhoneTest</b><br>Test class: by.stormnet.web.OnlinerMobilePhoneTest</td>
<td></td>
<td>5</td>
<td>by.stormnet.web.OnlinerMobilePhoneTest@65a4798f</td></tr>
<tr>
<td title='by.stormnet.web.OnlinerPhoensTest.checkPhonesTest()'><b>checkPhonesTest</b><br>Test class: by.stormnet.web.OnlinerPhoensTest</td>
<td></td>
<td>4</td>
<td>by.stormnet.web.OnlinerPhoensTest@426b6a74</td></tr>
<tr>
<td title='by.stormnet.web.OnlinerTabletsTest.checkTabletsTest()'><b>checkTabletsTest</b><br>Test class: by.stormnet.web.OnlinerTabletsTest</td>
<td></td>
<td>4</td>
<td>by.stormnet.web.OnlinerTabletsTest@5b080f3a</td></tr>
<tr>
<td title='by.stormnet.web.OnlinerTiresTest.checkTiresTest()'><b>checkTiresTest</b><br>Test class: by.stormnet.web.OnlinerTiresTest</td>
<td></td>
<td>4</td>
<td>by.stormnet.web.OnlinerTiresTest@878452d</td></tr>
<tr>
<td title='by.stormnet.web.OnlinerTvTest.checkTvTest()'><b>checkTvTest</b><br>Test class: by.stormnet.web.OnlinerTvTest</td>
<td></td>
<td>4</td>
<td>by.stormnet.web.OnlinerTvTest@83298d7</td></tr>
<tr>
<td title='by.stormnet.web.OnlinerVideoCardsTest.checkVideoCardsTest()'><b>checkVideoCardsTest</b><br>Test class: by.stormnet.web.OnlinerVideoCardsTest</td>
<td></td>
<td>3</td>
<td>by.stormnet.web.OnlinerVideoCardsTest@42a9e5d1</td></tr>
<tr>
<td title='by.stormnet.web.LoginOnlinerTest.loginTest()'><b>loginTest</b><br>Test class: by.stormnet.web.LoginOnlinerTest</td>
<td></td>
<td>3</td>
<td>by.stormnet.web.LoginOnlinerTest@47dbb1e2</td></tr>
<tr>
<td title='by.stormnet.web.OnlinerNewsTest.openNews()'><b>openNews</b><br>Test class: by.stormnet.web.OnlinerNewsTest</td>
<td></td>
<td>6</td>
<td>by.stormnet.web.OnlinerNewsTest@74cadd41</td></tr>
<tr>
<td title='by.stormnet.web.OnlinerCatalogTest.searchAndFilter()'><b>searchAndFilter</b><br>Test class: by.stormnet.web.OnlinerCatalogTest</td>
<td></td>
<td>32</td>
<td>by.stormnet.web.OnlinerCatalogTest@55e8ec2f</td></tr>
</table><p>
</body>
</html>